perl-String-CRC32.x86_64
basesystem.noarch
perl-Config-General.noarch
psacct.x86_64
ncurses-libs.x86_64
unzip.x86_64
zlib.x86_64
parted.x86_64
libselinux.x86_64
sed.x86_64
python-pycurl.x86_64
libstdc++.x86_64
uptrack-offline.noarch
readline.x86_64
libidn.x86_64
libblkid.x86_64
libibcommon.x86_64
pcre.x86_64
libibmad.x86_64
libibverbs-utils.x86_64
mstflint.x86_64
libibcm.x86_64
xz-libs.x86_64
libibmad-devel.x86_64
libnih.x86_64
yum-metadata-parser.x86_64
bzip2.x86_64
python-deltarpm.x86_64
libss.x86_64
python-urlgrabber.noarch
psmisc.x86_64
libxcb.x86_64
tar.x86_64
libXi.x86_64
which.x86_64
libXxf86dga.x86_64
groff.x86_64
libXrender.x86_64
cracklib.x86_64
libgomp.x86_64
module-init-tools.x86_64
libpciaccess.x86_64
gcc-c++.x86_64
createrepo.noarch
compat-libstdc++-33.x86_64
libcurl.x86_64
m2crypto.x86_64
shared-mime-info.x86_64
MegaCli.noarch
ustr.x86_64
iproute.x86_64
mrdiag.x86_64
plymouth-core-libs.x86_64
nspr.x86_64
grep.x86_64
grubby.x86_64
gawk.x86_64
e2fsprogs.x86_64
perl-libs.x86_64
dmidecode.x86_64
perl.x86_64
bind-libs.x86_64
nss-sysinit.x86_64
procps.x86_64
perl-Date-Manip.noarch
device-mapper-libs.x86_64
device-mapper-event.x86_64
sos.noarch
cronie.x86_64
irqbalance.x86_64
perl-URI.noarch
openssh-server.x86_64
lm_sensors-libs.x86_64
python-lxml.x86_64
exadata-commonnode.noarch
libpcap.x86_64
oracle-hmp-tools-biosconfig.x86_64
perl-libwww-perl.noarch
logrotate.x86_64
snappy.x86_64
libxml2-python.x86_64
python-argparse.noarch
exadata-firmware-compute.noarch
nfs-utils.x86_64
exadata-validations-compute.noarch
cyrus-sasl.x86_64
tzdata-java.noarch
ntp.x86_64
libnl.x86_64
glibc-devel.x86_64
OpenIPMI-libs.x86_64
libSM.x86_64
pciutils.x86_64
nss-pam-ldapd.x86_64
perl-XML-Simple.noarch
net-snmp.x86_64
libgcc.x86_64
gdb.x86_64
filesystem.x86_64
attr.x86_64
kbd-misc.noarch
acpid.x86_64
ncurses-base.x86_64
mlocate.x86_64
strace.x86_64
pam_passwdqc.x86_64
smartmontools.x86_64
libcap.x86_64
info.x86_64
libsepol.x86_64
perl-Net-IP.noarch
uptrack-libyaml.x86_64
popt.x86_64
uptrack-python-cjson.x86_64
libcom_err.x86_64
pinentry.x86_64
audit-libs.x86_64
gnupg2.x86_64
shadow-utils.x86_64
dbus-libs.x86_64
file-libs.x86_64
libuuid.x86_64
rdma.noarch
lua.x86_64
libibverbs.x86_64
libibumad.x86_64
cpio.x86_64
libmthca.x86_64
libtasn1.x86_64
ibutils.x86_64
gdbm.x86_64
libmlx4.x86_64
libsdp.x86_64
perftest.x86_64
rds-tools.x86_64
elfutils-libelf.x86_64
infiniband-diags.x86_64
p11-kit-trust.x86_64
libibumad-devel.x86_64
file.x86_64
libibverbs-devel.x86_64
upstart.x86_64
fuse.x86_64
libutempter.x86_64
mpfr.x86_64
gmp.x86_64
deltarpm.x86_64
e2fsprogs-libs.x86_64
pyOpenSSL.x86_64
pygpgme.x86_64
net-tools.x86_64
python-iniparse.noarch
checkpolicy.x86_64
libXau.x86_64
libX11-common.noarch
make.x86_64
libXext.x86_64
diffutils.x86_64
libXtst.x86_64
libXv.x86_64
ncurses.x86_64
libXxf86misc.x86_64
less.x86_64
libdmx.x86_64
gzip.x86_64
libtool-ltdl.x86_64
cracklib-dicts.x86_64
libstdc++-devel.x86_64
pam.x86_64
ppl.x86_64
hwdata.noarch
plymouth-scripts.x86_64
gcc.x86_64
ca-certificates.noarch
fuse-devel.x86_64
unixODBC-devel.x86_64
libffi.x86_64
yum-utils.noarch
krb5-libs.x86_64
rhnlib.noarch
python-libs.x86_64
libaio-devel.x86_64
libssh2.x86_64
nss_db.x86_64
rpm-libs.x86_64
libhugetlbfs.x86_64
rpm.x86_64
vconfig.x86_64
pkgconfig.x86_64
glib2.x86_64
dbus-glib.x86_64
Lib_Utils.noarch
mingetty.x86_64
libsemanage.x86_64
iptables.x86_64
flash_dom.x86_64
iputils.x86_64
lsidiag.x86_64
MegaOEM.noarch
kbd.x86_64
plymouth.x86_64
dracut-kernel.noarch
kpartx.x86_64
iptables-ipv6.x86_64
python-ipaddr.noarch
vim-minimal.x86_64
lsscsi.x86_64
rootfiles.noarch
grub.x86_64
gpg-pubkey.(none)
fipscheck-lib.x86_64
xz.x86_64
perl-YAML-Syck.x86_64
mailx.x86_64
tcp_wrappers-libs.x86_64
man.x86_64
numactl.x86_64
rpm-python.x86_64
elfutils-libs.x86_64
bc.x86_64
libgssglue.x86_64
perl-XML-NamespaceSupport.noarch
libgpg-error.x86_64
net-snmp-libs.x86_64
perl-XML-SAX.noarch
perl-HTML-Tagset.noarch
mailcap.noarch
perl-XML-Parser.x86_64
pam_ldap.x86_64
lzo.x86_64
libevent.x86_64
nfs-utils-lib.x86_64
rsyslog.x86_64
hesiod.x86_64
procmail.x86_64
crontabs.noarch
ntpdate.x86_64
sg3_utils-libs.x86_64
glibc-common.x86_64
tcp_wrappers.x86_64
glibc-headers.x86_64
pciutils-libs.x86_64
nscd.x86_64
libICE.x86_64
OpenIPMI.x86_64
libXt.x86_64
passwd.x86_64
xorg-x11-xauth.x86_64
sg3_utils.x86_64
sysstat.x86_64
mgetty.x86_64
expect.x86_64
sysfsutils.x86_64
tcpdump.x86_64
net-snmp-utils.x86_64
cvuqdisk.x86_64
bash.x86_64
exadata-base.noarch
libxml2.x86_64
libudev.x86_64
coreutils.x86_64
selinux-policy.noarch
perl-Pod-Escapes.x86_64
perl-Pod-Simple.x86_64
perl-Module-Pluggable.x86_64
perl-IO-Compress-Base.x86_64
perl-IO-Compress-Zlib.x86_64
libxslt.x86_64
nss-softokn.x86_64
nss.x86_64
openldap.x86_64
oraclelinux-release.x86_64
udev.x86_64
device-mapper.x86_64
openssh.x86_64
lvm2-libs.x86_64
cronie-anacron.x86_64
kernel-uek-firmware.noarch
compat-sap-c++.x86_64
device-mapper-multipath.x86_64
openssh-clients.x86_64
scsi-target-utils.x86_64
sudo.x86_64
bind-utils.x86_64
db4-utils.x86_64
selinux-policy-targeted.noarch
exadata-dbmmgmt.noarch
ipmitool.x86_64
oracle-hmp-tools-ubiosconfig.x86_64
ksh.x86_64
rpcbind.x86_64
exadata-oswatcher.noarch
exadata-sun-computenode.noarch
exadata-binaries.noarch
exadata-ipconf.noarch
exadata-applyconfig.noarch
storcli.noarch
exadata-sun-computenode-minimum.noarch
tcsh.x86_64
setup.noarch
readahead.x86_64
redhat-release-server.x86_64
audit.x86_64
lsof.x86_64
libattr.x86_64
traceroute.x86_64
libacl.x86_64
perl-NetAddr-IP.x86_64
uptrack-PyYAML.x86_64
chkconfig.x86_64
pth.x86_64
bzip2-libs.x86_64
expat.x86_64
librdmacm.x86_64
findutils.x86_64
opensm-libs.x86_64
p11-kit.x86_64
librdmacm-utils.x86_64
qperf.x86_64
sysvinit-tools.x86_64
libibcommon-devel.x86_64
device-mapper-persistent-data.x86_64
librdmacm-devel.x86_64
MAKEDEV.x86_64
cpp.x86_64
libusb.x86_64
gpgme.x86_64
cyrus-sasl-lib.x86_64
yum.noarch
libselinux-utils.x86_64
libX11.x86_64
binutils.x86_64
libXinerama.x86_64
dash.x86_64
libXxf86vm.x86_64
unixODBC.x86_64
cloog-ppl.x86_64
oracle-logos.noarch
fuse-libs.x86_64
xorg-x11-utils.x86_64
keyutils-libs.x86_64
compat-libcap1.x86_64
python.x86_64
genisoimage.x86_64
curl.x86_64
gamin.x86_64
ethtool.x86_64
sas_snmp.x86_64
policycoreutils.x86_64
util-linux-ng.x86_64
tzdata.noarch
libdrm.x86_64
nss-softokn-freebl.x86_64
dracut.noarch
nss-util.x86_64
mdadm.x86_64
coreutils-libs.x86_64
db4.x86_64
libaio.x86_64
perl-version.x86_64
ql23xx-firmware.noarch
perl-Compress-Raw-Zlib.x86_64
kernel-transition.x86_64
sqlite.x86_64
fipscheck.x86_64
nss-tools.x86_64
xz-lzma-compat.x86_64
initscripts.x86_64
libedit.x86_64
device-mapper-event-libs.x86_64
logwatch.noarch
device-mapper-multipath-libs.x86_64
libcap-ng.x86_64
kernel-uek-headers.x86_64
busybox.x86_64
kernel-uek.x86_64
libtirpc.x86_64
lvm2.x86_64
iscsi-initiator-utils.x86_64
libgcrypt.x86_64
perl-Compress-Zlib.x86_64
perl-XML-LibXML.x86_64
jdk1.8.0_66.x86_64
perl-HTML-Parser.x86_64
ipmiflash.x86_64
libsysfs.x86_64
tcl.x86_64
exadata-ibdiagtools.noarch
keyutils.x86_64
exadata-exacli.noarch
m4.x86_64
zip.x86_64
sendmail.x86_64
glibc.x86_64
libuser.x86_64
openssl.x86_64
libXmu.x86_64
quota.x86_64
sendmail-cf.noarch
kexec-tools.x86_64
aide.x86_64